# JRE version: Java(TM) SE Runtime Environment (21.0.9+7) (build 21.0.9+7-LTS-338)
# Java VM: Java HotSpot(TM) 64-Bit Server VM (21.0.9+7-LTS-338, mixed mode, sharing, tiered, compressed oops, compressed class ptrs, g1 gc, windows-amd64)
GC Precious Log:
 CardTable entry size: 512
 Card Set container configuration: InlinePtr #cards 5 size 8 Array Of Cards #cards 12 size 40 Howl #buckets 4 coarsen threshold 1843 Howl Bitmap #cards 512 size 80 coarsen threshold 460 Card regions per heap region 1 cards per card region 2048
 CPUs: 4 total, 4 available
 Memory: 7975M
 Large Page Support: Disabled
 NUMA Support: Disabled
 Compressed Oops: Enabled (32-bit)
 Heap Region Size: 1M
 Heap Min Capacity: 8M
 Heap Initial Capacity: 126M
 Heap Max Capacity: 1994M
 Pre-touch: Disabled
 Parallel Workers: 4
 Concurrent Workers: 1
 Concurrent Refinement Workers: 4
 Periodic GC: Disabled
Heap:
 garbage-first heap   total 168960K, used 74184K [0x0000000083600000, 0x0000000100000000)
  region size 1024K, 13 young (13312K), 5 survivors (5120K)
 Metaspace       used 33625K, committed 34688K, reserved 1114112K
  class space    used 3618K, committed 4032K, reserved 1048576K
GC Heap History (20 events):
Event: 16.964 GC heap before
{Heap before GC invocations=11 (full 0):
 garbage-first heap   total 140288K, used 106790K [0x0000000083600000, 0x0000000100000000)
  region size 1024K, 49 young (50176K), 2 survivors (2048K)
 Metaspace       used 30691K, committed 31168K, reserved 1114112K
  class space    used 3345K, committed 3584K, reserved 1048576K
}
Event: 16.968 GC heap after
{Heap after GC invocations=12 (full 0):
 garbage-first heap   total 140288K, used 59740K [0x0000000083600000, 0x0000000100000000)
  region size 1024K, 3 young (3072K), 3 survivors (3072K)
 Metaspace       used 30691K, committed 31168K, reserved 1114112K
  class space    used 3345K, committed 3584K, reserved 1048576K
}
Event: 17.793 GC heap before
{Heap before GC invocations=12 (full 0):
 garbage-first heap   total 140288K, used 111964K [0x0000000083600000, 0x0000000100000000)
  region size 1024K, 54 young (55296K), 3 survivors (3072K)
 Metaspace       used 32009K, committed 32512K, reserved 1114112K
  class space    used 3531K, committed 3776K, reserved 1048576K
}
Event: 17.800 GC heap after
{Heap after GC invocations=13 (full 0):
 garbage-first heap   total 140288K, used 60549K [0x0000000083600000, 0x0000000100000000)
  region size 1024K, 4 young (4096K), 4 survivors (4096K)
 Metaspace       used 32009K, committed 32512K, reserved 1114112K
  class space    used 3531K, committed 3776K, reserved 1048576K
}
Event: 20.977 GC heap before
{Heap before GC invocations=13 (full 0):
 garbage-first heap   total 140288K, used 114821K [0x0000000083600000, 0x0000000100000000)
  region size 1024K, 57 young (58368K), 4 survivors (4096K)
 Metaspace       used 33319K, committed 33856K, reserved 1114112K
  class space    used 3617K, committed 3840K, reserved 1048576K
}
Event: 20.988 GC heap after
{Heap after GC invocations=14 (full 0):
 garbage-first heap   total 140288K, used 63488K [0x0000000083600000, 0x0000000100000000)
  region size 1024K, 6 young (6144K), 6 survivors (6144K)
 Metaspace       used 33319K, committed 33856K, reserved 1114112K
  class space    used 3617K, committed 3840K, reserved 1048576K
}
Event: 23.792 GC heap before
{Heap before GC invocations=14 (full 0):
 garbage-first heap   total 140288K, used 114688K [0x0000000083600000, 0x0000000100000000)
  region size 1024K, 52 young (53248K), 6 survivors (6144K)
 Metaspace       used 33681K, committed 34304K, reserved 1114112K
  class space    used 3642K, committed 3968K, reserved 1048576K
}
Event: 23.811 GC heap after
{Heap after GC invocations=15 (full 0):
 garbage-first heap   total 140288K, used 76662K [0x0000000083600000, 0x0000000100000000)
  region size 1024K, 8 young (8192K), 8 survivors (8192K)
 Metaspace       used 33681K, committed 34304K, reserved 1114112K
  class space    used 3642K, committed 3968K, reserved 1048576K
}
Event: 25.131 GC heap before
{Heap before GC invocations=16 (full 0):
 garbage-first heap   total 140288K, used 117622K [0x0000000083600000, 0x0000000100000000)
  region size 1024K, 49 young (50176K), 8 survivors (8192K)
 Metaspace       used 33695K, committed 34304K, reserved 1114112K
  class space    used 3642K, committed 3968K, reserved 1048576K
}
Event: 25.166 GC heap after
{Heap after GC invocations=17 (full 0):
 garbage-first heap   total 140288K, used 89088K [0x0000000083600000, 0x0000000100000000)
  region size 1024K, 7 young (7168K), 7 survivors (7168K)
 Metaspace       used 33695K, committed 34304K, reserved 1114112K
  class space    used 3642K, committed 3968K, reserved 1048576K
}
Event: 27.641 GC heap before
{Heap before GC invocations=17 (full 0):
 garbage-first heap   total 140288K, used 119808K [0x0000000083600000, 0x0000000100000000)
  region size 1024K, 37 young (37888K), 7 survivors (7168K)
 Metaspace       used 33710K, committed 34304K, reserved 1114112K
  class space    used 3643K, committed 3968K, reserved 1048576K
}
Event: 27.660 GC heap after
{Heap after GC invocations=18 (full 0):
 garbage-first heap   total 140288K, used 81408K [0x0000000083600000, 0x0000000100000000)
  region size 1024K, 5 young (5120K), 5 survivors (5120K)
 Metaspace       used 33710K, committed 34304K, reserved 1114112K
  class space    used 3643K, committed 3968K, reserved 1048576K
}
Event: 30.781 GC heap before
{Heap before GC invocations=18 (full 0):
 garbage-first heap   total 140288K, used 116224K [0x0000000083600000, 0x0000000100000000)
  region size 1024K, 40 young (40960K), 5 survivors (5120K)
 Metaspace       used 35112K, committed 35712K, reserved 1114112K
  class space    used 3800K, committed 4096K, reserved 1048576K
}
Event: 30.791 GC heap after
{Heap after GC invocations=19 (full 0):
 garbage-first heap   total 140288K, used 83682K [0x0000000083600000, 0x0000000100000000)
  region size 1024K, 2 young (2048K), 2 survivors (2048K)
 Metaspace       used 35112K, committed 35712K, reserved 1114112K
  class space    used 3800K, committed 4096K, reserved 1048576K
}
Event: 31.652 GC heap before
{Heap before GC invocations=20 (full 0):
 garbage-first heap   total 140288K, used 115426K [0x0000000083600000, 0x0000000100000000)
  region size 1024K, 38 young (38912K), 2 survivors (2048K)
 Metaspace       used 33374K, committed 34688K, reserved 1114112K
  class space    used 3601K, committed 4032K, reserved 1048576K
}
Event: 31.655 GC heap after
{Heap after GC invocations=21 (full 0):
 garbage-first heap   total 140288K, used 77755K [0x0000000083600000, 0x0000000100000000)
  region size 1024K, 1 young (1024K), 1 survivors (1024K)
 Metaspace       used 33374K, committed 34688K, reserved 1114112K
  class space    used 3601K, committed 4032K, reserved 1048576K
}
Event: 32.151 GC heap before
{Heap before GC invocations=21 (full 0):
 garbage-first heap   total 140288K, used 120763K [0x0000000083600000, 0x0000000100000000)
  region size 1024K, 43 young (44032K), 1 survivors (1024K)
 Metaspace       used 33435K, committed 34688K, reserved 1114112K
  class space    used 3604K, committed 4032K, reserved 1048576K
}
Event: 32.162 GC heap after
{Heap after GC invocations=22 (full 0):
 garbage-first heap   total 140288K, used 65213K [0x0000000083600000, 0x0000000100000000)
  region size 1024K, 2 young (2048K), 2 survivors (2048K)
 Metaspace       used 33435K, committed 34688K, reserved 1114112K
  class space    used 3604K, committed 4032K, reserved 1048576K
}
Event: 35.556 GC heap before
{Heap before GC invocations=22 (full 0):
 garbage-first heap   total 140288K, used 116413K [0x0000000083600000, 0x0000000100000000)
  region size 1024K, 52 young (53248K), 2 survivors (2048K)
 Metaspace       used 33580K, committed 34688K, reserved 1114112K
  class space    used 3617K, committed 4032K, reserved 1048576K
}
Event: 35.575 GC heap after
{Heap after GC invocations=23 (full 0):
 garbage-first heap   total 168960K, used 67016K [0x0000000083600000, 0x0000000100000000)
  region size 1024K, 5 young (5120K), 5 survivors (5120K)
 Metaspace       used 33580K, committed 34688K, reserved 1114112K
  class space    used 3617K, committed 4032K, reserved 1048576K
}

